<?xml version="1.0" encoding="UTF-8"?>
<coverage generated="1592957688181" clover="3.2.0">
  <project timestamp="1592957688181" name="All files">
    <metrics statements="16" coveredstatements="16" conditionals="0" coveredconditionals="0" methods="7" coveredmethods="7" elements="23" coveredelements="23" complexity="0" loc="16" ncloc="16" packages="3" files="6" classes="6"/>
    <package name="dist">
      <metrics statements="1" coveredstatements="1" conditionals="0" coveredconditionals="0" methods="0" coveredmethods="0"/>
      <file name="tempData.js" path="/home/coriander/Documents/GitHub/hipsy-image-carouselmain/client/dist/tempData.js">
        <metrics statements="1" coveredstatements="1" conditionals="0" coveredconditionals="0" methods="0" coveredmethods="0"/>
        <line num="1" count="1" type="stmt"/>
      </file>
    </package>
    <package name="src">
      <metrics statements="1" coveredstatements="1" conditionals="0" coveredconditionals="0" methods="0" coveredmethods="0"/>
      <file name="setupTests.js" path="/home/coriander/Documents/GitHub/hipsy-image-carouselmain/client/src/setupTests.js">
        <metrics statements="1" coveredstatements="1" conditionals="0" coveredconditionals="0" methods="0" coveredmethods="0"/>
        <line num="4" count="4" type="stmt"/>
      </file>
    </package>
    <package name="src.components">
      <metrics statements="14" coveredstatements="14" conditionals="0" coveredconditionals="0" methods="7" coveredmethods="7"/>
      <file name="App.jsx" path="/home/coriander/Documents/GitHub/hipsy-image-carouselmain/client/src/components/App.jsx">
        <metrics statements="6" coveredstatements="6" conditionals="0" coveredconditionals="0" methods="3" coveredmethods="3"/>
        <line num="10" count="2" type="stmt"/>
        <line num="12" count="2" type="stmt"/>
        <line num="18" count="2" type="stmt"/>
        <line num="21" count="2" type="stmt"/>
        <line num="25" count="4" type="stmt"/>
        <line num="26" count="4" type="stmt"/>
      </file>
      <file name="Arrow.jsx" path="/home/coriander/Documents/GitHub/hipsy-image-carouselmain/client/src/components/Arrow.jsx">
        <metrics statements="2" coveredstatements="2" conditionals="0" coveredconditionals="0" methods="1" coveredmethods="1"/>
        <line num="3" count="2" type="stmt"/>
        <line num="4" count="4" type="stmt"/>
      </file>
      <file name="Image.jsx" path="/home/coriander/Documents/GitHub/hipsy-image-carouselmain/client/src/components/Image.jsx">
        <metrics statements="3" coveredstatements="3" conditionals="0" coveredconditionals="0" methods="2" coveredmethods="2"/>
        <line num="5" count="7" type="stmt"/>
        <line num="9" count="7" type="stmt"/>
        <line num="15" count="7" type="stmt"/>
      </file>
      <file name="StackImage.jsx" path="/home/coriander/Documents/GitHub/hipsy-image-carouselmain/client/src/components/StackImage.jsx">
        <metrics statements="3" coveredstatements="3" conditionals="0" coveredconditionals="0" methods="1" coveredmethods="1"/>
        <line num="3" count="2" type="stmt"/>
        <line num="4" count="7" type="stmt"/>
        <line num="5" count="7" type="stmt"/>
      </file>
    </package>
  </project>
</coverage>
