{"/home/coriander/Documents/GitHub/hipsy-image-carouselmain/client/dist/tempData.js": {"path":"/home/coriander/Documents/GitHub/hipsy-image-carouselmain/client/dist/tempData.js","statementMap":{"0":{"start":{"line":1,"column":17},"end":{"line":32,"column":1}}},"fnMap":{},"branchMap":{},"s":{"0":1},"f":{},"b":{},"_coverageSchema":"1a1c01bbd47fc00a2c39e90264f33305004495a9","hash":"41955564c4dbfb9812769ae5785083804cc4b3c6"}
,"/home/coriander/Documents/GitHub/hipsy-image-carouselmain/client/src/setupTests.js": {"path":"/home/coriander/Documents/GitHub/hipsy-image-carouselmain/client/src/setupTests.js","statementMap":{"0":{"start":{"line":4,"column":0},"end":{"line":4,"column":38}}},"fnMap":{},"branchMap":{},"s":{"0":4},"f":{},"b":{},"_coverageSchema":"1a1c01bbd47fc00a2c39e90264f33305004495a9","hash":"25822e7468a8c87b5b5e8556e4dc6d8ea15af39c"}
,"/home/coriander/Documents/GitHub/hipsy-image-carouselmain/client/src/components/App.jsx": {"path":"/home/coriander/Documents/GitHub/hipsy-image-carouselmain/client/src/components/App.jsx","statementMap":{"0":{"start":{"line":10,"column":4},"end":{"line":10,"column":17}},"1":{"start":{"line":12,"column":4},"end":{"line":14,"column":6}},"2":{"start":{"line":18,"column":4},"end":{"line":20,"column":7}},"3":{"start":{"line":21,"column":4},"end":{"line":21,"column":38}},"4":{"start":{"line":25,"column":4},"end":{"line":25,"column":37}},"5":{"start":{"line":26,"column":4},"end":{"line":32,"column":6}}},"fnMap":{"0":{"name":"(anonymous_0)","decl":{"start":{"line":9,"column":2},"end":{"line":9,"column":3}},"loc":{"start":{"line":9,"column":21},"end":{"line":15,"column":3}},"line":9},"1":{"name":"(anonymous_1)","decl":{"start":{"line":17,"column":2},"end":{"line":17,"column":3}},"loc":{"start":{"line":17,"column":22},"end":{"line":22,"column":3}},"line":17},"2":{"name":"(anonymous_2)","decl":{"start":{"line":24,"column":2},"end":{"line":24,"column":3}},"loc":{"start":{"line":24,"column":11},"end":{"line":33,"column":3}},"line":24}},"branchMap":{},"s":{"0":2,"1":2,"2":2,"3":2,"4":4,"5":4},"f":{"0":2,"1":2,"2":4},"b":{},"_coverageSchema":"1a1c01bbd47fc00a2c39e90264f33305004495a9","hash":"b2b0b922d3a5b1384abc559dba869b800b6f43e8"}
,"/home/coriander/Documents/GitHub/hipsy-image-carouselmain/client/src/components/Arrow.jsx": {"path":"/home/coriander/Documents/GitHub/hipsy-image-carouselmain/client/src/components/Arrow.jsx","statementMap":{"0":{"start":{"line":3,"column":14},"end":{"line":7,"column":1}},"1":{"start":{"line":4,"column":2},"end":{"line":6,"column":4}}},"fnMap":{"0":{"name":"(anonymous_0)","decl":{"start":{"line":3,"column":14},"end":{"line":3,"column":15}},"loc":{"start":{"line":3,"column":20},"end":{"line":7,"column":1}},"line":3}},"branchMap":{},"s":{"0":2,"1":4},"f":{"0":4},"b":{},"_coverageSchema":"1a1c01bbd47fc00a2c39e90264f33305004495a9","hash":"7198af3af6627d8004a7bf32386b7c44d6a166d8"}
,"/home/coriander/Documents/GitHub/hipsy-image-carouselmain/client/src/components/Image.jsx": {"path":"/home/coriander/Documents/GitHub/hipsy-image-carouselmain/client/src/components/Image.jsx","statementMap":{"0":{"start":{"line":5,"column":4},"end":{"line":5,"column":12}},"1":{"start":{"line":9,"column":21},"end":{"line":14,"column":5}},"2":{"start":{"line":15,"column":4},"end":{"line":19,"column":6}}},"fnMap":{"0":{"name":"(anonymous_0)","decl":{"start":{"line":4,"column":2},"end":{"line":4,"column":3}},"loc":{"start":{"line":4,"column":16},"end":{"line":6,"column":3}},"line":4},"1":{"name":"(anonymous_1)","decl":{"start":{"line":8,"column":2},"end":{"line":8,"column":3}},"loc":{"start":{"line":8,"column":11},"end":{"line":20,"column":3}},"line":8}},"branchMap":{},"s":{"0":7,"1":7,"2":7},"f":{"0":7,"1":7},"b":{},"_coverageSchema":"1a1c01bbd47fc00a2c39e90264f33305004495a9","hash":"8d33238f167f044b5939d389ee1adc6618acffad"}
,"/home/coriander/Documents/GitHub/hipsy-image-carouselmain/client/src/components/StackImage.jsx": {"path":"/home/coriander/Documents/GitHub/hipsy-image-carouselmain/client/src/components/StackImage.jsx","statementMap":{"0":{"start":{"line":3,"column":19},"end":{"line":10,"column":1}},"1":{"start":{"line":4,"column":2},"end":{"line":4,"column":40}},"2":{"start":{"line":5,"column":2},"end":{"line":9,"column":4}}},"fnMap":{"0":{"name":"(anonymous_0)","decl":{"start":{"line":3,"column":19},"end":{"line":3,"column":20}},"loc":{"start":{"line":3,"column":30},"end":{"line":10,"column":1}},"line":3}},"branchMap":{},"s":{"0":2,"1":7,"2":7},"f":{"0":7},"b":{},"_coverageSchema":"1a1c01bbd47fc00a2c39e90264f33305004495a9","hash":"2d480ddc80dc9037de1097ebbf5ed8b475f98c33"}
}
